DungeonTreasures/Library/Bee/Android/Prj/Mono2x/Gradle/launcher/build/intermediates/manifest_merge_blame_file/debug/manifest-merger-blame-debug-report.txt
1<?xml version="1.0" encoding="utf-8"?>
2<manifest xmlns:android="http://schemas.android.com/apk/res/android"
3    package="com.duddnr.DungeonTreasures"
4    android:installLocation="preferExternal"
5    android:versionCode="1"
6    android:versionName="0.1" >
7
8    <uses-sdk
9        android:minSdkVersion="22"
9-->src\main\AndroidManifest.xml
10        android:targetSdkVersion="33" />
10-->src\main\AndroidManifest.xml
11
12    <supports-screens
12-->src\main\AndroidManifest.xml:3:3-163
13        android:anyDensity="true"
13-->src\main\AndroidManifest.xml:3:135-160
14        android:largeScreens="true"
14-->src\main\AndroidManifest.xml:3:78-105
15        android:normalScreens="true"
15-->src\main\AndroidManifest.xml:3:49-77
16        android:smallScreens="true"
16-->src\main\AndroidManifest.xml:3:21-48
17        android:xlargeScreens="true" />
17-->src\main\AndroidManifest.xml:3:106-134
18
19    <uses-feature android:glEsVersion="0x00030000" />
19-->[:unityLibrary] AndroidManifest.xml:12:5-54
19-->[:unityLibrary] AndroidManifest.xml:12:19-51
20    <uses-feature
20-->[:unityLibrary] AndroidManifest.xml:13:5-15:36
21        android:name="android.hardware.vulkan.version"
21-->[:unityLibrary] AndroidManifest.xml:14:9-55
22        android:required="false" />
22-->[:unityLibrary] AndroidManifest.xml:15:9-33
23
24    <uses-permission android:name="android.permission.INTERNET" />
24-->[:unityLibrary] AndroidManifest.xml:17:5-67
24-->[:unityLibrary] AndroidManifest.xml:17:22-64
25    <uses-permission android:name="android.permission.ACCESS_NETWORK_STATE" />
25-->[:unityLibrary] AndroidManifest.xml:18:5-79
25-->[:unityLibrary] AndroidManifest.xml:18:22-76
26
27    <uses-feature
27-->[:unityLibrary] AndroidManifest.xml:20:5-22:36
28        android:name="android.hardware.touchscreen"
28-->[:unityLibrary] AndroidManifest.xml:21:9-52
29        android:required="false" />
29-->[:unityLibrary] AndroidManifest.xml:22:9-33
30    <uses-feature
30-->[:unityLibrary] AndroidManifest.xml:23:5-25:36
31        android:name="android.hardware.touchscreen.multitouch"
31-->[:unityLibrary] AndroidManifest.xml:24:9-63
32        android:required="false" />
32-->[:unityLibrary] AndroidManifest.xml:25:9-33
33    <uses-feature
33-->[:unityLibrary] AndroidManifest.xml:26:5-28:36
34        android:name="android.hardware.touchscreen.multitouch.distinct"
34-->[:unityLibrary] AndroidManifest.xml:27:9-72
35        android:required="false" />
35-->[:unityLibrary] AndroidManifest.xml:28:9-33
36
37    <uses-permission android:name="android.permission.WAKE_LOCK" />
37-->[com.google.android.gms:play-services-measurement-api:21.5.0] AndroidManifest.xml:24:5-68
37-->[com.google.android.gms:play-services-measurement-api:21.5.0] AndroidManifest.xml:24:22-65
38    <uses-permission android:name="com.google.android.gms.permission.AD_ID" />
38-->[com.google.android.gms:play-services-measurement-api:21.5.0] AndroidManifest.xml:25:5-79
38-->[com.google.android.gms:play-services-measurement-api:21.5.0] AndroidManifest.xml:25:22-76
39    <uses-permission android:name="android.permission.ACCESS_ADSERVICES_ATTRIBUTION" />
39-->[com.google.android.gms:play-services-measurement-api:21.5.0] AndroidManifest.xml:26:5-88
39-->[com.google.android.gms:play-services-measurement-api:21.5.0] AndroidManifest.xml:26:22-85
40    <uses-permission android:name="android.permission.ACCESS_ADSERVICES_AD_ID" />
40-->[com.google.android.gms:play-services-measurement-api:21.5.0] AndroidManifest.xml:27:5-82
40-->[com.google.android.gms:play-services-measurement-api:21.5.0] AndroidManifest.xml:27:22-79
41    <uses-permission android:name="com.google.android.providers.gsf.permission.READ_GSERVICES" />
41-->[com.google.android.recaptcha:recaptcha:18.4.0] AndroidManifest.xml:9:5-98
41-->[com.google.android.recaptcha:recaptcha:18.4.0] AndroidManifest.xml:9:22-95
42    <uses-permission android:name="com.google.android.finsky.permission.BIND_GET_INSTALL_REFERRER_SERVICE" />
42-->[com.google.android.gms:play-services-measurement:21.5.0] AndroidManifest.xml:26:5-110
42-->[com.google.android.gms:play-services-measurement:21.5.0] AndroidManifest.xml:26:22-107
43
44    <permission
44-->[androidx.core:core:1.9.0] AndroidManifest.xml:22:5-24:47
45        android:name="com.duddnr.DungeonTreasures.DYNAMIC_RECEIVER_NOT_EXPORTED_PERMISSION"
45-->[androidx.core:core:1.9.0] AndroidManifest.xml:23:9-81
46        android:protectionLevel="signature" />
46-->[androidx.core:core:1.9.0] AndroidManifest.xml:24:9-44
47
48    <uses-permission android:name="com.duddnr.DungeonTreasures.DYNAMIC_RECEIVER_NOT_EXPORTED_PERMISSION" />
48-->[androidx.core:core:1.9.0] AndroidManifest.xml:26:5-97
48-->[androidx.core:core:1.9.0] AndroidManifest.xml:26:22-94
49
50    <application
50-->src\main\AndroidManifest.xml:4:3-83
51        android:appComponentFactory="androidx.core.app.CoreComponentFactory"
51-->[androidx.core:core:1.9.0] AndroidManifest.xml:28:18-86
52        android:debuggable="true"
53        android:extractNativeLibs="true"
53-->[:unityLibrary] AndroidManifest.xml:30:18-50
54        android:icon="@mipmap/app_icon"
54-->src\main\AndroidManifest.xml:4:49-80
55        android:label="@string/app_name" >
55-->src\main\AndroidManifest.xml:4:16-48
56        <activity
56-->[:unityLibrary] AndroidManifest.xml:31:9-62:20
57            android:name="com.unity3d.player.UnityPlayerActivity"
57-->[:unityLibrary] AndroidManifest.xml:32:13-66
58            android:configChanges="mcc|mnc|locale|touchscreen|keyboard|keyboardHidden|navigation|orientation|screenLayout|uiMode|screenSize|smallestScreenSize|fontScale|layoutDirection|density"
58-->[:unityLibrary] AndroidManifest.xml:33:13-194
59            android:exported="true"
59-->[:unityLibrary] AndroidManifest.xml:34:13-36
60            android:hardwareAccelerated="false"
60-->[:unityLibrary] AndroidManifest.xml:35:13-48
61            android:launchMode="singleTask"
61-->[:unityLibrary] AndroidManifest.xml:36:13-44
62            android:resizeableActivity="false"
62-->[:unityLibrary] AndroidManifest.xml:37:13-47
63            android:screenOrientation="userLandscape"
63-->[:unityLibrary] AndroidManifest.xml:38:13-54
64            android:theme="@style/UnityThemeSelector" >
64-->[:unityLibrary] AndroidManifest.xml:39:13-54
65            <intent-filter>
65-->[:unityLibrary] AndroidManifest.xml:40:13-44:29
66                <action android:name="android.intent.action.MAIN" />
66-->[:unityLibrary] AndroidManifest.xml:41:17-69
66-->[:unityLibrary] AndroidManifest.xml:41:25-66
67
68                <category android:name="android.intent.category.LAUNCHER" />
68-->[:unityLibrary] AndroidManifest.xml:43:17-77
68-->[:unityLibrary] AndroidManifest.xml:43:27-74
69            </intent-filter>
70
71            <meta-data
71-->[:unityLibrary] AndroidManifest.xml:46:13-48:40
72                android:name="unityplayer.UnityActivity"
72-->[:unityLibrary] AndroidManifest.xml:47:17-57
73                android:value="true" />
73-->[:unityLibrary] AndroidManifest.xml:48:17-37
74
75            <intent-filter>
75-->[:unityLibrary] AndroidManifest.xml:50:13-57:29
76                <action android:name="android.intent.action.VIEW" />
76-->[:unityLibrary] AndroidManifest.xml:51:17-69
76-->[:unityLibrary] AndroidManifest.xml:51:25-66
77
78                <category android:name="android.intent.category.DEFAULT" />
78-->[:unityLibrary] AndroidManifest.xml:53:17-76
78-->[:unityLibrary] AndroidManifest.xml:53:27-73
79                <category android:name="android.intent.category.BROWSABLE" />
79-->[:unityLibrary] AndroidManifest.xml:54:17-78
79-->[:unityLibrary] AndroidManifest.xml:54:27-75
80
81                <data android:scheme="simple.oauth" />
81-->[:unityLibrary] AndroidManifest.xml:56:17-55
81-->[:unityLibrary] AndroidManifest.xml:56:23-52
82            </intent-filter>
83
84            <meta-data
84-->[:unityLibrary] AndroidManifest.xml:59:13-61:40
85                android:name="android.notch_support"
85-->[:unityLibrary] AndroidManifest.xml:60:17-53
86                android:value="true" />
86-->[:unityLibrary] AndroidManifest.xml:61:17-37
87        </activity>
88
89        <meta-data
89-->[:unityLibrary] AndroidManifest.xml:66:9-68:33
90            android:name="unity.splash-mode"
90-->[:unityLibrary] AndroidManifest.xml:67:13-45
91            android:value="0" />
91-->[:unityLibrary] AndroidManifest.xml:68:13-30
92        <meta-data
92-->[:unityLibrary] AndroidManifest.xml:69:9-71:36
93            android:name="unity.splash-enable"
93-->[:unityLibrary] AndroidManifest.xml:70:13-47
94            android:value="True" />
94-->[:unityLibrary] AndroidManifest.xml:71:13-33
95        <meta-data
95-->[:unityLibrary] AndroidManifest.xml:72:9-74:36
96            android:name="unity.launch-fullscreen"
96-->[:unityLibrary] AndroidManifest.xml:73:13-51
97            android:value="True" />
97-->[:unityLibrary] AndroidManifest.xml:74:13-33
98        <meta-data
98-->[:unityLibrary] AndroidManifest.xml:75:9-77:37
99            android:name="unity.allow-resizable-window"
99-->[:unityLibrary] AndroidManifest.xml:76:13-56
100            android:value="False" />
100-->[:unityLibrary] AndroidManifest.xml:77:13-34
101        <meta-data
101-->[:unityLibrary] AndroidManifest.xml:78:9-80:50
102            android:name="notch.config"
102-->[:unityLibrary] AndroidManifest.xml:79:13-40
103            android:value="portrait|landscape" />
103-->[:unityLibrary] AndroidManifest.xml:80:13-47
104
105        <activity
105-->[com.google.android.gms:play-services-auth:16.0.1] AndroidManifest.xml:23:9-27:75
106            android:name="com.google.android.gms.auth.api.signin.internal.SignInHubActivity"
106-->[com.google.android.gms:play-services-auth:16.0.1] AndroidManifest.xml:24:13-93
107            android:excludeFromRecents="true"
107-->[com.google.android.gms:play-services-auth:16.0.1] AndroidManifest.xml:25:13-46
108            android:exported="false"
108-->[com.google.android.gms:play-services-auth:16.0.1] AndroidManifest.xml:26:13-37
109            android:theme="@android:style/Theme.Translucent.NoTitleBar" />
109-->[com.google.android.gms:play-services-auth:16.0.1] AndroidManifest.xml:27:13-72
110        <!--
111            Service handling Google Sign-In user revocation. For apps that do not integrate with
112            Google Sign-In, this service will never be started.
113        -->
114        <service
114-->[com.google.android.gms:play-services-auth:16.0.1] AndroidManifest.xml:33:9-36:110
115            android:name="com.google.android.gms.auth.api.signin.RevocationBoundService"
115-->[com.google.android.gms:play-services-auth:16.0.1] AndroidManifest.xml:34:13-89
116            android:exported="true"
116-->[com.google.android.gms:play-services-auth:16.0.1] AndroidManifest.xml:35:13-36
117            android:permission="com.google.android.gms.auth.api.signin.permission.REVOCATION_NOTIFICATION" />
117-->[com.google.android.gms:play-services-auth:16.0.1] AndroidManifest.xml:36:13-107
118        <service
118-->[com.google.firebase:firebase-storage:20.3.0] AndroidManifest.xml:27:9-36:19
119            android:name="com.google.firebase.components.ComponentDiscoveryService"
119-->[com.google.firebase:firebase-storage:20.3.0] AndroidManifest.xml:28:13-84
120            android:directBootAware="true"
120-->[com.google.firebase:firebase-common:20.4.2] AndroidManifest.xml:32:13-43
121            android:exported="false" >
121-->[com.google.firebase:firebase-storage:20.3.0] AndroidManifest.xml:29:13-37
122            <meta-data
122-->[com.google.firebase:firebase-storage:20.3.0] AndroidManifest.xml:30:13-32:85
123                android:name="com.google.firebase.components:com.google.firebase.storage.FirebaseStorageKtxRegistrar"
123-->[com.google.firebase:firebase-storage:20.3.0] AndroidManifest.xml:31:17-118
124                android:value="com.google.firebase.components.ComponentRegistrar" />
124-->[com.google.firebase:firebase-storage:20.3.0] AndroidManifest.xml:32:17-82
125            <meta-data
125-->[com.google.firebase:firebase-storage:20.3.0] AndroidManifest.xml:33:13-35:85
126                android:name="com.google.firebase.components:com.google.firebase.storage.StorageRegistrar"
126-->[com.google.firebase:firebase-storage:20.3.0] AndroidManifest.xml:34:17-107
127                android:value="com.google.firebase.components.ComponentRegistrar" />
127-->[com.google.firebase:firebase-storage:20.3.0] AndroidManifest.xml:35:17-82
128            <meta-data
128-->[com.google.firebase:firebase-auth:22.3.1] AndroidManifest.xml:69:13-71:85
129                android:name="com.google.firebase.components:com.google.firebase.auth.FirebaseAuthRegistrar"
129-->[com.google.firebase:firebase-auth:22.3.1] AndroidManifest.xml:70:17-109
130                android:value="com.google.firebase.components.ComponentRegistrar" />
130-->[com.google.firebase:firebase-auth:22.3.1] AndroidManifest.xml:71:17-82
131            <meta-data
131-->[com.google.firebase:firebase-appcheck:17.1.0] AndroidManifest.xml:25:13-27:85
132                android:name="com.google.firebase.components:com.google.firebase.appcheck.FirebaseAppCheckKtxRegistrar"
132-->[com.google.firebase:firebase-appcheck:17.1.0] AndroidManifest.xml:26:17-120
133                android:value="com.google.firebase.components.ComponentRegistrar" />
133-->[com.google.firebase:firebase-appcheck:17.1.0] AndroidManifest.xml:27:17-82
134            <meta-data
134-->[com.google.firebase:firebase-appcheck:17.1.0] AndroidManifest.xml:28:13-30:85
135                android:name="com.google.firebase.components:com.google.firebase.appcheck.FirebaseAppCheckRegistrar"
135-->[com.google.firebase:firebase-appcheck:17.1.0] AndroidManifest.xml:29:17-117
136                android:value="com.google.firebase.components.ComponentRegistrar" />
136-->[com.google.firebase:firebase-appcheck:17.1.0] AndroidManifest.xml:30:17-82
137            <meta-data
137-->[com.google.android.gms:play-services-measurement-api:21.5.0] AndroidManifest.xml:37:13-39:85
138                android:name="com.google.firebase.components:com.google.firebase.analytics.connector.internal.AnalyticsConnectorRegistrar"
138-->[com.google.android.gms:play-services-measurement-api:21.5.0] AndroidManifest.xml:38:17-139
139                android:value="com.google.firebase.components.ComponentRegistrar" />
139-->[com.google.android.gms:play-services-measurement-api:21.5.0] AndroidManifest.xml:39:17-82
140            <meta-data
140-->[com.google.firebase:firebase-common-ktx:20.4.2] AndroidManifest.xml:12:13-14:85
141                android:name="com.google.firebase.components:com.google.firebase.ktx.FirebaseCommonLegacyRegistrar"
141-->[com.google.firebase:firebase-common-ktx:20.4.2] AndroidManifest.xml:13:17-116
142                android:value="com.google.firebase.components.ComponentRegistrar" />
142-->[com.google.firebase:firebase-common-ktx:20.4.2] AndroidManifest.xml:14:17-82
143            <meta-data
143-->[com.google.firebase:firebase-installations:17.0.1] AndroidManifest.xml:18:13-20:85
144                android:name="com.google.firebase.components:com.google.firebase.installations.FirebaseInstallationsRegistrar"
144-->[com.google.firebase:firebase-installations:17.0.1] AndroidManifest.xml:19:17-127
145                android:value="com.google.firebase.components.ComponentRegistrar" />
145-->[com.google.firebase:firebase-installations:17.0.1] AndroidManifest.xml:20:17-82
146            <meta-data
146-->[com.google.firebase:firebase-common:20.4.2] AndroidManifest.xml:35:13-37:85
147                android:name="com.google.firebase.components:com.google.firebase.FirebaseCommonKtxRegistrar"
147-->[com.google.firebase:firebase-common:20.4.2] AndroidManifest.xml:36:17-109
148                android:value="com.google.firebase.components.ComponentRegistrar" />
148-->[com.google.firebase:firebase-common:20.4.2] AndroidManifest.xml:37:17-82
149        </service>
150
151        <activity
151-->[com.google.firebase:firebase-auth:22.3.1] AndroidManifest.xml:29:9-46:20
152            android:name="com.google.firebase.auth.internal.GenericIdpActivity"
152-->[com.google.firebase:firebase-auth:22.3.1] AndroidManifest.xml:30:13-80
153            android:excludeFromRecents="true"
153-->[com.google.firebase:firebase-auth:22.3.1] AndroidManifest.xml:31:13-46
154            android:exported="true"
154-->[com.google.firebase:firebase-auth:22.3.1] AndroidManifest.xml:32:13-36
155            android:launchMode="singleTask"
155-->[com.google.firebase:firebase-auth:22.3.1] AndroidManifest.xml:33:13-44
156            android:theme="@android:style/Theme.Translucent.NoTitleBar" >
156-->[com.google.firebase:firebase-auth:22.3.1] AndroidManifest.xml:34:13-72
157            <intent-filter>
157-->[com.google.firebase:firebase-auth:22.3.1] AndroidManifest.xml:35:13-45:29
158                <action android:name="android.intent.action.VIEW" />
158-->[:unityLibrary] AndroidManifest.xml:51:17-69
158-->[:unityLibrary] AndroidManifest.xml:51:25-66
159
160                <category android:name="android.intent.category.DEFAULT" />
160-->[:unityLibrary] AndroidManifest.xml:53:17-76
160-->[:unityLibrary] AndroidManifest.xml:53:27-73
161                <category android:name="android.intent.category.BROWSABLE" />
161-->[:unityLibrary] AndroidManifest.xml:54:17-78
161-->[:unityLibrary] AndroidManifest.xml:54:27-75
162
163                <data
163-->[:unityLibrary] AndroidManifest.xml:56:17-55
164                    android:host="firebase.auth"
165                    android:path="/"
166                    android:scheme="genericidp" />
166-->[:unityLibrary] AndroidManifest.xml:56:23-52
167            </intent-filter>
168        </activity>
169        <activity
169-->[com.google.firebase:firebase-auth:22.3.1] AndroidManifest.xml:47:9-64:20
170            android:name="com.google.firebase.auth.internal.RecaptchaActivity"
170-->[com.google.firebase:firebase-auth:22.3.1] AndroidManifest.xml:48:13-79
171            android:excludeFromRecents="true"
171-->[com.google.firebase:firebase-auth:22.3.1] AndroidManifest.xml:49:13-46
172            android:exported="true"
172-->[com.google.firebase:firebase-auth:22.3.1] AndroidManifest.xml:50:13-36
173            android:launchMode="singleTask"
173-->[com.google.firebase:firebase-auth:22.3.1] AndroidManifest.xml:51:13-44
174            android:theme="@android:style/Theme.Translucent.NoTitleBar" >
174-->[com.google.firebase:firebase-auth:22.3.1] AndroidManifest.xml:52:13-72
175            <intent-filter>
175-->[com.google.firebase:firebase-auth:22.3.1] AndroidManifest.xml:53:13-63:29
176                <action android:name="android.intent.action.VIEW" />
176-->[:unityLibrary] AndroidManifest.xml:51:17-69
176-->[:unityLibrary] AndroidManifest.xml:51:25-66
177
178                <category android:name="android.intent.category.DEFAULT" />
178-->[:unityLibrary] AndroidManifest.xml:53:17-76
178-->[:unityLibrary] AndroidManifest.xml:53:27-73
179                <category android:name="android.intent.category.BROWSABLE" />
179-->[:unityLibrary] AndroidManifest.xml:54:17-78
179-->[:unityLibrary] AndroidManifest.xml:54:27-75
180
181                <data
181-->[:unityLibrary] AndroidManifest.xml:56:17-55
182                    android:host="firebase.auth"
183                    android:path="/"
184                    android:scheme="recaptcha" />
184-->[:unityLibrary] AndroidManifest.xml:56:23-52
185            </intent-filter>
186        </activity>
187        <activity
187-->[com.google.games:gpgs-plugin-support:0.11.01] AndroidManifest.xml:10:9-18:20
188            android:name="com.google.games.bridge.GenericResolutionActivity"
188-->[com.google.games:gpgs-plugin-support:0.11.01] AndroidManifest.xml:11:13-77
189            android:exported="false"
189-->[com.google.games:gpgs-plugin-support:0.11.01] AndroidManifest.xml:12:13-37
190            android:label="GenericResolutionActivity"
190-->[com.google.games:gpgs-plugin-support:0.11.01] AndroidManifest.xml:13:13-54
191            android:theme="@android:style/Theme.Translucent.NoTitleBar.Fullscreen" >
191-->[com.google.games:gpgs-plugin-support:0.11.01] AndroidManifest.xml:14:13-83
192            <meta-data
192-->[com.google.games:gpgs-plugin-support:0.11.01] AndroidManifest.xml:15:13-17:40
193                android:name="instantapps.clients.allowed"
193-->[com.google.games:gpgs-plugin-support:0.11.01] AndroidManifest.xml:16:17-59
194                android:value="true" />
194-->[com.google.games:gpgs-plugin-support:0.11.01] AndroidManifest.xml:17:17-37
195        </activity>
196
197        <provider
197-->[com.google.android.gms:play-services-games-v2:17.0.0] AndroidManifest.xml:8:9-12:38
198            android:name="com.google.android.gms.games.provider.PlayGamesInitProvider"
198-->[com.google.android.gms:play-services-games-v2:17.0.0] AndroidManifest.xml:9:13-87
199            android:authorities="com.duddnr.DungeonTreasures.playgamesinitprovider"
199-->[com.google.android.gms:play-services-games-v2:17.0.0] AndroidManifest.xml:10:13-73
200            android:exported="false"
200-->[com.google.android.gms:play-services-games-v2:17.0.0] AndroidManifest.xml:11:13-37
201            android:initOrder="99" />
201-->[com.google.android.gms:play-services-games-v2:17.0.0] AndroidManifest.xml:12:13-35
202
203        <activity
203-->[com.google.android.gms:play-services-games-v2:17.0.0] AndroidManifest.xml:14:9-17:62
204            android:name="com.google.android.gms.games.internal.v2.resolution.GamesResolutionActivity"
204-->[com.google.android.gms:play-services-games-v2:17.0.0] AndroidManifest.xml:15:13-103
205            android:exported="false"
205-->[com.google.android.gms:play-services-games-v2:17.0.0] AndroidManifest.xml:16:13-37
206            android:theme="@style/Theme.Games.Transparent" />
206-->[com.google.android.gms:play-services-games-v2:17.0.0] AndroidManifest.xml:17:13-59
207
208        <meta-data
208-->[com.google.android.gms:play-services-games-v2:17.0.0] AndroidManifest.xml:19:9-21:62
209            android:name="com.google.android.gms.games.version"
209-->[com.google.android.gms:play-services-games-v2:17.0.0] AndroidManifest.xml:20:13-64
210            android:value="@string/play_games_sdk_version" />
210-->[com.google.android.gms:play-services-games-v2:17.0.0] AndroidManifest.xml:21:13-59
211
212        <activity
212-->[com.google.android.gms:play-services-base:18.3.0] AndroidManifest.xml:20:9-22:45
213            android:name="com.google.android.gms.common.api.GoogleApiActivity"
213-->[com.google.android.gms:play-services-base:18.3.0] AndroidManifest.xml:20:19-85
214            android:exported="false"
214-->[com.google.android.gms:play-services-base:18.3.0] AndroidManifest.xml:22:19-43
215            android:theme="@android:style/Theme.Translucent.NoTitleBar" />
215-->[com.google.android.gms:play-services-base:18.3.0] AndroidManifest.xml:21:19-78
216
217        <provider
217-->[com.google.firebase:firebase-common:20.4.2] AndroidManifest.xml:23:9-28:39
218            android:name="com.google.firebase.provider.FirebaseInitProvider"
218-->[com.google.firebase:firebase-common:20.4.2] AndroidManifest.xml:24:13-77
219            android:authorities="com.duddnr.DungeonTreasures.firebaseinitprovider"
219-->[com.google.firebase:firebase-common:20.4.2] AndroidManifest.xml:25:13-72
220            android:directBootAware="true"
220-->[com.google.firebase:firebase-common:20.4.2] AndroidManifest.xml:26:13-43
221            android:exported="false"
221-->[com.google.firebase:firebase-common:20.4.2] AndroidManifest.xml:27:13-37
222            android:initOrder="100" /> <!-- The space in these forces it to be interpreted as a string vs. int -->
222-->[com.google.firebase:firebase-common:20.4.2] AndroidManifest.xml:28:13-36
223        <meta-data
223-->[:unityLibrary:GooglePlayGamesManifest.androidlib] AndroidManifest.xml:18:9-20:49
224            android:name="com.google.android.gms.games.APP_ID"
224-->[:unityLibrary:GooglePlayGamesManifest.androidlib] AndroidManifest.xml:19:13-63
225            android:value="\u003197296602363" /> <!-- Keep track of which plugin is being used -->
225-->[:unityLibrary:GooglePlayGamesManifest.androidlib] AndroidManifest.xml:20:13-46
226        <meta-data
226-->[:unityLibrary:GooglePlayGamesManifest.androidlib] AndroidManifest.xml:23:9-25:44
227            android:name="com.google.android.gms.games.unityVersion"
227-->[:unityLibrary:GooglePlayGamesManifest.androidlib] AndroidManifest.xml:24:13-69
228            android:value="\u0030.11.01" />
228-->[:unityLibrary:GooglePlayGamesManifest.androidlib] AndroidManifest.xml:25:13-41
229
230        <activity
230-->[:unityLibrary:GooglePlayGamesManifest.androidlib] AndroidManifest.xml:27:9-29:86
231            android:name="com.google.games.bridge.NativeBridgeActivity"
231-->[:unityLibrary:GooglePlayGamesManifest.androidlib] AndroidManifest.xml:28:13-72
232            android:theme="@android:style/Theme.Translucent.NoTitleBar.Fullscreen" />
232-->[:unityLibrary:GooglePlayGamesManifest.androidlib] AndroidManifest.xml:29:13-83
233
234        <receiver
234-->[com.google.android.gms:play-services-measurement:21.5.0] AndroidManifest.xml:29:9-33:20
235            android:name="com.google.android.gms.measurement.AppMeasurementReceiver"
235-->[com.google.android.gms:play-services-measurement:21.5.0] AndroidManifest.xml:30:13-85
236            android:enabled="true"
236-->[com.google.android.gms:play-services-measurement:21.5.0] AndroidManifest.xml:31:13-35
237            android:exported="false" >
237-->[com.google.android.gms:play-services-measurement:21.5.0] AndroidManifest.xml:32:13-37
238        </receiver>
239
240        <service
240-->[com.google.android.gms:play-services-measurement:21.5.0] AndroidManifest.xml:35:9-38:40
241            android:name="com.google.android.gms.measurement.AppMeasurementService"
241-->[com.google.android.gms:play-services-measurement:21.5.0] AndroidManifest.xml:36:13-84
242            android:enabled="true"
242-->[com.google.android.gms:play-services-measurement:21.5.0] AndroidManifest.xml:37:13-35
243            android:exported="false" />
243-->[com.google.android.gms:play-services-measurement:21.5.0] AndroidManifest.xml:38:13-37
244        <service
244-->[com.google.android.gms:play-services-measurement:21.5.0] AndroidManifest.xml:39:9-43:72
245            android:name="com.google.android.gms.measurement.AppMeasurementJobService"
245-->[com.google.android.gms:play-services-measurement:21.5.0] AndroidManifest.xml:40:13-87
246            android:enabled="true"
246-->[com.google.android.gms:play-services-measurement:21.5.0] AndroidManifest.xml:41:13-35
247            android:exported="false"
247-->[com.google.android.gms:play-services-measurement:21.5.0] AndroidManifest.xml:42:13-37
248            android:permission="android.permission.BIND_JOB_SERVICE" />
248-->[com.google.android.gms:play-services-measurement:21.5.0] AndroidManifest.xml:43:13-69
249
250        <uses-library
250-->[androidx.privacysandbox.ads:ads-adservices:1.0.0-beta05] AndroidManifest.xml:23:9-25:40
251            android:name="android.ext.adservices"
251-->[androidx.privacysandbox.ads:ads-adservices:1.0.0-beta05] AndroidManifest.xml:24:13-50
252            android:required="false" />
252-->[androidx.privacysandbox.ads:ads-adservices:1.0.0-beta05] AndroidManifest.xml:25:13-37
253
254        <meta-data
254-->[com.google.android.gms:play-services-basement:18.3.0] AndroidManifest.xml:21:9-23:69
255            android:name="com.google.android.gms.version"
255-->[com.google.android.gms:play-services-basement:18.3.0] AndroidManifest.xml:22:13-58
256            android:value="@integer/google_play_services_version" />
256-->[com.google.android.gms:play-services-basement:18.3.0] AndroidManifest.xml:23:13-66
257    </application>
258
259</manifest>